<?xml version="1.0" encoding="UTF-8"?>
<testng-results skipped="0" failed="1" ignored="0" total="3" passed="2">
  <reporter-output>
  </reporter-output>
  <suite name="Suite" duration-ms="127618" started-at="2018-01-14T16:44:16Z" finished-at="2018-01-14T16:46:24Z">
    <groups>
    </groups>
    <test name="Test" duration-ms="127618" started-at="2018-01-14T16:44:16Z" finished-at="2018-01-14T16:46:24Z">
      <class name="testCases.PracticeSeleniumTestCases">
        <test-method status="PASS" signature="setupDriver()[pri:0, instance:testCases.PracticeSeleniumTestCases@318ba8c8]" name="setupDriver" is-config="true" duration-ms="11022" started-at="2018-01-14T12:44:16Z" finished-at="2018-01-14T12:44:27Z">
          <reporter-output>
          </reporter-output>
        </test-method> <!-- setupDriver -->
        <test-method status="PASS" signature="doCheckoutGreenTea()[pri:0, instance:testCases.PracticeSeleniumTestCases@318ba8c8]" name="doCheckoutGreenTea" duration-ms="11860" started-at="2018-01-14T12:44:27Z" finished-at="2018-01-14T12:44:39Z">
          <reporter-output>
          </reporter-output>
        </test-method> <!-- doCheckoutGreenTea -->
        <test-method status="PASS" signature="quitDriver()[pri:0, instance:testCases.PracticeSeleniumTestCases@318ba8c8]" name="quitDriver" is-config="true" duration-ms="4149" started-at="2018-01-14T12:44:39Z" finished-at="2018-01-14T12:44:43Z">
          <reporter-output>
          </reporter-output>
        </test-method> <!-- quitDriver -->
        <test-method status="PASS" signature="setupDriver()[pri:0, instance:testCases.PracticeSeleniumTestCases@318ba8c8]" name="setupDriver" is-config="true" duration-ms="6244" started-at="2018-01-14T12:44:43Z" finished-at="2018-01-14T12:44:50Z">
          <reporter-output>
          </reporter-output>
        </test-method> <!-- setupDriver -->
        <test-method status="PASS" signature="doVerifyPageSections()[pri:0, instance:testCases.PracticeSeleniumTestCases@318ba8c8]" name="doVerifyPageSections" duration-ms="66619" started-at="2018-01-14T12:44:50Z" finished-at="2018-01-14T12:45:56Z">
          <reporter-output>
          </reporter-output>
        </test-method> <!-- doVerifyPageSections -->
        <test-method status="PASS" signature="quitDriver()[pri:0, instance:testCases.PracticeSeleniumTestCases@318ba8c8]" name="quitDriver" is-config="true" duration-ms="4020" started-at="2018-01-14T12:45:56Z" finished-at="2018-01-14T12:46:00Z">
          <reporter-output>
          </reporter-output>
        </test-method> <!-- quitDriver -->
        <test-method status="PASS" signature="setupDriver()[pri:0, instance:testCases.PracticeSeleniumTestCases@318ba8c8]" name="setupDriver" is-config="true" duration-ms="6525" started-at="2018-01-14T12:46:00Z" finished-at="2018-01-14T12:46:07Z">
          <reporter-output>
          </reporter-output>
        </test-method> <!-- setupDriver -->
        <test-method status="FAIL" signature="sendEmailForm()[pri:0, instance:testCases.PracticeSeleniumTestCases@318ba8c8]" name="sendEmailForm" duration-ms="13101" started-at="2018-01-14T12:46:07Z" finished-at="2018-01-14T12:46:20Z">
          <exception class="java.lang.AssertionError">
            <message>
              <![CDATA[Submit still present, no action was done ]]>
            </message>
            <full-stacktrace>
              <![CDATA[java.lang.AssertionError: Submit still present, no action was done at org.testng.Assert.fail(Assert.java:96)at baseModules.PracticeSeleniumBase.sendAnEmailForm(PracticeSeleniumBase.java:143)at testCases.PracticeSeleniumTestCases.sendEmailForm(PracticeSeleniumTestCases.java:42)at sun.reflect.NativeMethodAccessorImpl.invoke0(Native Method)at sun.reflect.NativeMethodAccessorImpl.invoke(NativeMethodAccessorImpl.java:62)at sun.reflect.DelegatingMethodAccessorImpl.invoke(DelegatingMethodAccessorImpl.java:43)at java.lang.reflect.Method.invoke(Method.java:483)at org.testng.internal.MethodInvocationHelper.invokeMethod(MethodInvocationHelper.java:124)at org.testng.internal.Invoker.invokeMethod(Invoker.java:571)at org.testng.internal.Invoker.invokeTestMethod(Invoker.java:707)at org.testng.internal.Invoker.invokeTestMethods(Invoker.java:979)at org.testng.internal.TestMethodWorker.invokeTestMethods(TestMethodWorker.java:125)at org.testng.internal.TestMethodWorker.run(TestMethodWorker.java:109)at org.testng.TestRunner.privateRun(TestRunner.java:648)at org.testng.TestRunner.run(TestRunner.java:505)at org.testng.SuiteRunner.runTest(SuiteRunner.java:455)at org.testng.SuiteRunner.runSequentially(SuiteRunner.java:450)at org.testng.SuiteRunner.privateRun(SuiteRunner.java:415)at org.testng.SuiteRunner.run(SuiteRunner.java:364)at org.testng.SuiteRunnerWorker.runSuite(SuiteRunnerWorker.java:52)at org.testng.SuiteRunnerWorker.run(SuiteRunnerWorker.java:84)at org.testng.TestNG.runSuitesSequentially(TestNG.java:1187)at org.testng.TestNG.runSuitesLocally(TestNG.java:1116)at org.testng.TestNG.runSuites(TestNG.java:1028)at org.testng.TestNG.run(TestNG.java:996)at org.apache.maven.surefire.testng.TestNGExecutor.run(TestNGExecutor.java:178)at org.apache.maven.surefire.testng.TestNGXmlTestSuite.execute(TestNGXmlTestSuite.java:92)at org.apache.maven.surefire.testng.TestNGProvider.invoke(TestNGProvider.java:96)at sun.reflect.NativeMethodAccessorImpl.invoke0(Native Method)at sun.reflect.NativeMethodAccessorImpl.invoke(NativeMethodAccessorImpl.java:62)at sun.reflect.DelegatingMethodAccessorImpl.invoke(DelegatingMethodAccessorImpl.java:43)at java.lang.reflect.Method.invoke(Method.java:483)at org.apache.maven.surefire.util.ReflectionUtils.invokeMethodWithArray2(ReflectionUtils.java:208)at org.apache.maven.surefire.booter.ProviderFactory$ProviderProxy.invoke(ProviderFactory.java:159)at org.apache.maven.surefire.booter.ProviderFactory.invokeProvider(ProviderFactory.java:87)at org.apache.maven.surefire.booter.ForkedBooter.runSuitesInProcess(ForkedBooter.java:153)at org.apache.maven.surefire.booter.ForkedBooter.main(ForkedBooter.java:95)]]>
            </full-stacktrace>
          </exception> <!-- java.lang.AssertionError -->
          <reporter-output>
          </reporter-output>
        </test-method> <!-- sendEmailForm -->
        <test-method status="PASS" signature="quitDriver()[pri:0, instance:testCases.PracticeSeleniumTestCases@318ba8c8]" name="quitDriver" is-config="true" duration-ms="3937" started-at="2018-01-14T12:46:20Z" finished-at="2018-01-14T12:46:24Z">
          <reporter-output>
          </reporter-output>
        </test-method> <!-- quitDriver -->
      </class> <!-- testCases.PracticeSeleniumTestCases -->
    </test> <!-- Test -->
  </suite> <!-- Suite -->
</testng-results>
